2025-12-14T09:14:58.843Z INIT goal="基于 ai/tasks 创建一个资产管理系统" note="mode=merge, features=74" summary="Created long-task harness"
2025-12-14T09:30:44.950Z VERIFY feature=core.project-init action=pass summary="Verified core.project-init: pass"
2025-12-14T09:30:50.048Z STEP feature=core.project-init status=passing tests="./ai/init.sh check" summary="Completed core.project-init"
2025-12-14T09:33:49.265Z VERIFY feature=core.db-config action=pass summary="Verified core.db-config: pass"
2025-12-14T09:33:54.558Z STEP feature=core.db-config status=passing tests="./ai/init.sh check" summary="Completed core.db-config"
2025-12-14T09:35:33.968Z VERIFY feature=core.project-init action=pass summary="Verified core.project-init: pass"
2025-12-14T09:35:38.604Z STEP feature=core.project-init status=passing tests="./ai/init.sh check" summary="Completed core.project-init"
2025-12-14T09:36:01.887Z VERIFY feature=core.db-config action=pass summary="Verified core.db-config: pass"
2025-12-14T09:36:02.062Z STEP feature=core.db-config status=passing tests="./ai/init.sh check" summary="Completed core.db-config"
2025-12-14T09:38:33.477Z VERIFY feature=core.database-schema action=pass summary="Verified core.database-schema: pass"
2025-12-14T09:38:40.689Z STEP feature=core.database-schema status=passing tests="./ai/init.sh check" summary="Completed core.database-schema"
2025-12-14T09:39:05.376Z VERIFY feature=core.project-init action=pass summary="Verified core.project-init: pass"
2025-12-14T09:39:05.530Z STEP feature=core.project-init status=passing tests="./ai/init.sh check" summary="Completed core.project-init"
2025-12-14T09:39:11.068Z VERIFY feature=core.db-config action=pass summary="Verified core.db-config: pass"
2025-12-14T09:39:11.239Z STEP feature=core.db-config status=passing tests="./ai/init.sh check" summary="Completed core.db-config"
2025-12-14T09:39:17.484Z VERIFY feature=core.database-schema action=pass summary="Verified core.database-schema: pass"
2025-12-14T09:39:17.709Z STEP feature=core.database-schema status=passing tests="./ai/init.sh check" summary="Completed core.database-schema"
2025-12-14T10:09:23.947Z VERIFY feature=core.db-config action=pass summary="Verified core.db-config: pass"
2025-12-14T10:09:28.865Z STEP feature=core.db-config status=passing tests="./ai/init.sh check" summary="Completed core.db-config"
2025-12-14T10:10:10.549Z VERIFY feature=core.project-init action=pass summary="Verified core.project-init: pass"
2025-12-14T10:10:16.386Z STEP feature=core.project-init status=passing tests="./ai/init.sh check" summary="Completed core.project-init"
2025-12-14T11:55:15.464Z VERIFY feature=core.db-config action=pass summary="Verified core.db-config: pass"
2025-12-14T11:55:22.001Z STEP feature=core.db-config status=passing tests="./ai/init.sh check" summary="Completed core.db-config"
2025-12-14T11:56:02.286Z VERIFY feature=core.project-init action=pass summary="Verified core.project-init: pass"
2025-12-14T11:56:07.721Z STEP feature=core.project-init status=passing tests="./ai/init.sh check" summary="Completed core.project-init"
2025-12-14T11:57:13.952Z VERIFY feature=core.asset-base-entity action=pass summary="Verified core.asset-base-entity: pass"
2025-12-14T11:57:19.798Z STEP feature=core.asset-base-entity status=passing tests="./ai/init.sh check" summary="Completed core.asset-base-entity"
2025-12-14T11:57:54.107Z VERIFY feature=core.database-schema action=pass summary="Verified core.database-schema: pass"
2025-12-14T11:58:00.199Z STEP feature=core.database-schema status=passing tests="./ai/init.sh check" summary="Completed core.database-schema"
2025-12-14T11:59:07.317Z VERIFY feature=core.asset-status-enum action=pass summary="Verified core.asset-status-enum: pass"
2025-12-14T11:59:12.988Z STEP feature=core.asset-status-enum status=passing tests="./ai/init.sh check" summary="Completed core.asset-status-enum"
